(0000) 3000  0011000000000000 (  12)                 .ORIG x3000
(3000) EDFF  1110110111111111 (  18) INIT_CODE       LEA   R6 x3000
(3001) 1BA0  0001101110100000 (  19)                 ADD   R5 R6 #0
(3002) 1D86  0001110110000110 (  20)                 ADD   R6 R6 R6
(3003) 1D86  0001110110000110 (  21)                 ADD   R6 R6 R6
(3004) 1D85  0001110110000101 (  22)                 ADD   R6 R6 R5
(3005) 1DBF  0001110110111111 (  23)                 ADD   R6 R6 #-1
(3006) 1B45  0001101101000101 (  25)                 ADD   R5 R5 R5
(3007) 1BA0  0001101110100000 (  28)                 ADD   R5 R6 #0
(3008) 2803  0010100000000011 (  31)                 LD    R4 GLOBAL_DATA_POINTER
(3009) 2E03  0010111000000011 (  35)                 LD    R7 GLOBAL_MAIN_POINTER
(300A) 41C0  0100000111000000 (  36)                 JSRR  R7
(300B) F025  1111000000100101 (  38)                 TRAP  x25
(300C) 30EE  0011000011101110 (  43) GLOBAL_DATA_POINTER .FILL x30EE
(300D) 30AE  0011000010101110 (  45) GLOBAL_MAIN_POINTER .FILL x30AE
(300E) 1DBE  0001110110111110 (  52) lc3_func        ADD   R6 R6 #-2
(300F) 7F80  0111111110000000 (  53)                 STR   R7 R6 #0
(3010) 1DBF  0001110110111111 (  54)                 ADD   R6 R6 #-1
(3011) 7B80  0111101110000000 (  55)                 STR   R5 R6 #0
(3012) 1BBF  0001101110111111 (  59)                 ADD   R5 R6 #-1
(3013) 1DBD  0001110110111101 (  60)                 ADD   R6 R6 #-3
(3014) 1124  0001000100100100 (  63)                 ADD   R0 R4 #4
(3015) 6000  0110000000000000 (  64)                 LDR   R0 R0 #0
(3016) 4000  0100000000000000 (  65)                 JSRR  R0
(3017) 6F80  0110111110000000 (  68)                 LDR   R7 R6 #0
(3018) 1DA1  0001110110100001 (  69)                 ADD   R6 R6 #1
(3019) 1728  0001011100101000 (  72)                 ADD   R3 R4 #8
(301A) 66C0  0110011011000000 (  73)                 LDR   R3 R3 #0
(301B) 1DBF  0001110110111111 (  76)                 ADD   R6 R6 #-1
(301C) 7180  0111000110000000 (  77)                 STR   R0 R6 #0
(301D) 1DBF  0001110110111111 (  80)                 ADD   R6 R6 #-1
(301E) 7780  0111011110000000 (  81)                 STR   R3 R6 #0
(301F) 96FF  1001011011111111 (  84)                 NOT   R3 R3
(3020) 16E1  0001011011100001 (  85)                 ADD   R3 R3 #1
(3021) 11C3  0001000111000011 (  86)                 ADD   R0 R7 R3
(3022) 6780  0110011110000000 (  89)                 LDR   R3 R6 #0
(3023) 1DA1  0001110110100001 (  90)                 ADD   R6 R6 #1
(3024) 1E20  0001111000100000 (  93)                 ADD   R7 R0 #0
(3025) 6180  0110000110000000 (  96)                 LDR   R0 R6 #0
(3026) 1DA1  0001110110100001 (  97)                 ADD   R6 R6 #1
(3027) 6745  0110011101000101 ( 100)                 LDR   R3 R5 #5
(3028) 1FC3  0001111111000011 ( 101)                 ADD   R7 R7 R3
(3029) 6746  0110011101000110 ( 102)                 LDR   R3 R5 #6
(302A) 1FC3  0001111111000011 ( 103)                 ADD   R7 R7 R3
(302B) 6747  0110011101000111 ( 104)                 LDR   R3 R5 #7
(302C) 1FC3  0001111111000011 ( 105)                 ADD   R7 R7 R3
(302D) 6748  0110011101001000 ( 106)                 LDR   R3 R5 #8
(302E) 1FC3  0001111111000011 ( 107)                 ADD   R7 R7 R3
(302F) 6749  0110011101001001 ( 108)                 LDR   R3 R5 #9
(3030) 1FC3  0001111111000011 ( 109)                 ADD   R7 R7 R3
(3031) 674A  0110011101001010 ( 110)                 LDR   R3 R5 #10
(3032) 1FC3  0001111111000011 ( 111)                 ADD   R7 R7 R3
(3033) 7F40  0111111101000000 ( 114)                 STR   R7 R5 #0
(3034) 6F44  0110111101000100 ( 117)                 LDR   R7 R5 #4
(3035) 1727  0001011100100111 ( 120)                 ADD   R3 R4 #7
(3036) 66C0  0110011011000000 ( 121)                 LDR   R3 R3 #0
(3037) 9FFF  1001111111111111 ( 124)                 NOT   R7 R7
(3038) 1FE1  0001111111100001 ( 125)                 ADD   R7 R7 #1
(3039) 1FC3  0001111111000011 ( 126)                 ADD   R7 R7 R3
(303A) 0803  0000100000000011 ( 128)                 BRN   L7
(303B) 1F21  0001111100100001 ( 131)                 ADD   R7 R4 #1
(303C) 6FC0  0110111111000000 ( 132)                 LDR   R7 R7 #0
(303D) C1C0  1100000111000000 ( 133)                 RET   
(303E) 6F4A  0110111101001010 ( 137) L7              LDR   R7 R5 #10
(303F) 1DBF  0001110110111111 ( 138)                 ADD   R6 R6 #-1
(3040) 7F80  0111111110000000 ( 139)                 STR   R7 R6 #0
(3041) 6F49  0110111101001001 ( 140)                 LDR   R7 R5 #9
(3042) 1DBF  0001110110111111 ( 141)                 ADD   R6 R6 #-1
(3043) 7F80  0111111110000000 ( 142)                 STR   R7 R6 #0
(3044) 6F48  0110111101001000 ( 143)                 LDR   R7 R5 #8
(3045) 1DBF  0001110110111111 ( 144)                 ADD   R6 R6 #-1
(3046) 7F80  0111111110000000 ( 145)                 STR   R7 R6 #0
(3047) 6F47  0110111101000111 ( 146)                 LDR   R7 R5 #7
(3048) 1DBF  0001110110111111 ( 147)                 ADD   R6 R6 #-1
(3049) 7F80  0111111110000000 ( 148)                 STR   R7 R6 #0
(304A) 6F46  0110111101000110 ( 149)                 LDR   R7 R5 #6
(304B) 1DBF  0001110110111111 ( 150)                 ADD   R6 R6 #-1
(304C) 7F80  0111111110000000 ( 151)                 STR   R7 R6 #0
(304D) 6F45  0110111101000101 ( 152)                 LDR   R7 R5 #5
(304E) 1DBF  0001110110111111 ( 153)                 ADD   R6 R6 #-1
(304F) 7F80  0111111110000000 ( 154)                 STR   R7 R6 #0
(3050) 6F44  0110111101000100 ( 157)                 LDR   R7 R5 #4
(3051) 1727  0001011100100111 ( 160)                 ADD   R3 R4 #7
(3052) 66C0  0110011011000000 ( 161)                 LDR   R3 R3 #0
(3053) 1DBF  0001110110111111 ( 164)                 ADD   R6 R6 #-1
(3054) 7180  0111000110000000 ( 165)                 STR   R0 R6 #0
(3055) 1DBF  0001110110111111 ( 168)                 ADD   R6 R6 #-1
(3056) 7780  0111011110000000 ( 169)                 STR   R3 R6 #0
(3057) 96FF  1001011011111111 ( 172)                 NOT   R3 R3
(3058) 16E1  0001011011100001 ( 173)                 ADD   R3 R3 #1
(3059) 11C3  0001000111000011 ( 174)                 ADD   R0 R7 R3
(305A) 6780  0110011110000000 ( 177)                 LDR   R3 R6 #0
(305B) 1DA1  0001110110100001 ( 178)                 ADD   R6 R6 #1
(305C) 1E20  0001111000100000 ( 181)                 ADD   R7 R0 #0
(305D) 6180  0110000110000000 ( 184)                 LDR   R0 R6 #0
(305E) 1DA1  0001110110100001 ( 185)                 ADD   R6 R6 #1
(305F) 1DBF  0001110110111111 ( 188)                 ADD   R6 R6 #-1
(3060) 7F80  0111111110000000 ( 189)                 STR   R7 R6 #0
(3061) 1120  0001000100100000 ( 192)                 ADD   R0 R4 #0
(3062) 6000  0110000000000000 ( 193)                 LDR   R0 R0 #0
(3063) 4000  0100000000000000 ( 194)                 JSRR  R0
(3064) 6F80  0110111110000000 ( 197)                 LDR   R7 R6 #0
(3065) 1DA1  0001110110100001 ( 198)                 ADD   R6 R6 #1
(3066) 7F7F  0111111101111111 ( 199)                 STR   R7 R5 #-1
(3067) 6F4A  0110111101001010 ( 202)                 LDR   R7 R5 #10
(3068) 1DBF  0001110110111111 ( 203)                 ADD   R6 R6 #-1
(3069) 7F80  0111111110000000 ( 204)                 STR   R7 R6 #0
(306A) 6F49  0110111101001001 ( 205)                 LDR   R7 R5 #9
(306B) 1DBF  0001110110111111 ( 206)                 ADD   R6 R6 #-1
(306C) 7F80  0111111110000000 ( 207)                 STR   R7 R6 #0
(306D) 6F48  0110111101001000 ( 208)                 LDR   R7 R5 #8
(306E) 1DBF  0001110110111111 ( 209)                 ADD   R6 R6 #-1
(306F) 7F80  0111111110000000 ( 210)                 STR   R7 R6 #0
(3070) 6F47  0110111101000111 ( 211)                 LDR   R7 R5 #7
(3071) 1DBF  0001110110111111 ( 212)                 ADD   R6 R6 #-1
(3072) 7F80  0111111110000000 ( 213)                 STR   R7 R6 #0
(3073) 6F46  0110111101000110 ( 214)                 LDR   R7 R5 #6
(3074) 1DBF  0001110110111111 ( 215)                 ADD   R6 R6 #-1
(3075) 7F80  0111111110000000 ( 216)                 STR   R7 R6 #0
(3076) 6F45  0110111101000101 ( 217)                 LDR   R7 R5 #5
(3077) 1DBF  0001110110111111 ( 218)                 ADD   R6 R6 #-1
(3078) 7F80  0111111110000000 ( 219)                 STR   R7 R6 #0
(3079) 6F44  0110111101000100 ( 220)                 LDR   R7 R5 #4
(307A) 1726  0001011100100110 ( 221)                 ADD   R3 R4 #6
(307B) 66C0  0110011011000000 ( 222)                 LDR   R3 R3 #0
(307C) 1DBF  0001110110111111 ( 223)                 ADD   R6 R6 #-1
(307D) 7180  0111000110000000 ( 224)                 STR   R0 R6 #0
(307E) 1DBF  0001110110111111 ( 225)                 ADD   R6 R6 #-1
(307F) 7780  0111011110000000 ( 226)                 STR   R3 R6 #0
(3080) 96FF  1001011011111111 ( 227)                 NOT   R3 R3
(3081) 16E1  0001011011100001 ( 228)                 ADD   R3 R3 #1
(3082) 11C3  0001000111000011 ( 229)                 ADD   R0 R7 R3
(3083) 6780  0110011110000000 ( 230)                 LDR   R3 R6 #0
(3084) 1DA1  0001110110100001 ( 231)                 ADD   R6 R6 #1
(3085) 1E20  0001111000100000 ( 232)                 ADD   R7 R0 #0
(3086) 6180  0110000110000000 ( 233)                 LDR   R0 R6 #0
(3087) 1DA1  0001110110100001 ( 234)                 ADD   R6 R6 #1
(3088) 1DBF  0001110110111111 ( 235)                 ADD   R6 R6 #-1
(3089) 7F80  0111111110000000 ( 236)                 STR   R7 R6 #0
(308A) 1120  0001000100100000 ( 237)                 ADD   R0 R4 #0
(308B) 6000  0110000000000000 ( 238)                 LDR   R0 R0 #0
(308C) 4000  0100000000000000 ( 239)                 JSRR  R0
(308D) 6F80  0110111110000000 ( 242)                 LDR   R7 R6 #0
(308E) 1DA1  0001110110100001 ( 243)                 ADD   R6 R6 #1
(308F) 7F7E  0111111101111110 ( 244)                 STR   R7 R5 #-2
(3090) 6F7F  0110111101111111 ( 247)                 LDR   R7 R5 #-1
(3091) 677E  0110011101111110 ( 248)                 LDR   R3 R5 #-2
(3092) 1FC3  0001111111000011 ( 249)                 ADD   R7 R7 R3
(3093) 6740  0110011101000000 ( 250)                 LDR   R3 R5 #0
(3094) 1FC3  0001111111000011 ( 251)                 ADD   R7 R7 R3
(3095) 1727  0001011100100111 ( 254)                 ADD   R3 R4 #7
(3096) 66C0  0110011011000000 ( 255)                 LDR   R3 R3 #0
(3097) 1DBF  0001110110111111 ( 258)                 ADD   R6 R6 #-1
(3098) 7180  0111000110000000 ( 259)                 STR   R0 R6 #0
(3099) 1DBF  0001110110111111 ( 262)                 ADD   R6 R6 #-1
(309A) 7780  0111011110000000 ( 263)                 STR   R3 R6 #0
(309B) 96FF  1001011011111111 ( 266)                 NOT   R3 R3
(309C) 16E1  0001011011100001 ( 267)                 ADD   R3 R3 #1
(309D) 11C3  0001000111000011 ( 268)                 ADD   R0 R7 R3
(309E) 6780  0110011110000000 ( 271)                 LDR   R3 R6 #0
(309F) 1DA1  0001110110100001 ( 272)                 ADD   R6 R6 #1
(30A0) 1E20  0001111000100000 ( 275)                 ADD   R7 R0 #0
(30A1) 6180  0110000110000000 ( 278)                 LDR   R0 R6 #0
(30A2) 1DA1  0001110110100001 ( 279)                 ADD   R6 R6 #1
(30A3) 1122  0001000100100010 ( 282)                 ADD   R0 R4 #2
(30A4) 6000  0110000000000000 ( 283)                 LDR   R0 R0 #0
(30A5) C000  1100000000000000 ( 284)                 JMP   R0
(30A6) 6F40  0110111101000000 ( 287) lc3_L3_lab2     LDR   R7 R5 #0
(30A7) 7F43  0111111101000011 ( 291) lc3_L1_lab2     STR   R7 R5 #3
(30A8) 1D61  0001110101100001 ( 293)                 ADD   R6 R5 #1
(30A9) 6B80  0110101110000000 ( 294)                 LDR   R5 R6 #0
(30AA) 1DA1  0001110110100001 ( 296)                 ADD   R6 R6 #1
(30AB) 6F80  0110111110000000 ( 297)                 LDR   R7 R6 #0
(30AC) 1DA1  0001110110100001 ( 298)                 ADD   R6 R6 #1
(30AD) C1C0  1100000111000000 ( 300)                 RET   
(30AE) 1DBE  0001110110111110 ( 307) main            ADD   R6 R6 #-2
(30AF) 7F80  0111111110000000 ( 308)                 STR   R7 R6 #0
(30B0) 1DBF  0001110110111111 ( 309)                 ADD   R6 R6 #-1
(30B1) 7B80  0111101110000000 ( 310)                 STR   R5 R6 #0
(30B2) 1BBF  0001101110111111 ( 314)                 ADD   R5 R6 #-1
(30B3) 1DBF  0001110110111111 ( 317)                 ADD   R6 R6 #-1
(30B4) 1124  0001000100100100 ( 320)                 ADD   R0 R4 #4
(30B5) 6000  0110000000000000 ( 321)                 LDR   R0 R0 #0
(30B6) 4000  0100000000000000 ( 322)                 JSRR  R0
(30B7) 6F80  0110111110000000 ( 325)                 LDR   R7 R6 #0
(30B8) 1DA1  0001110110100001 ( 326)                 ADD   R6 R6 #1
(30B9) 1728  0001011100101000 ( 329)                 ADD   R3 R4 #8
(30BA) 66C0  0110011011000000 ( 330)                 LDR   R3 R3 #0
(30BB) 1DBF  0001110110111111 ( 333)                 ADD   R6 R6 #-1
(30BC) 7180  0111000110000000 ( 334)                 STR   R0 R6 #0
(30BD) 1DBF  0001110110111111 ( 337)                 ADD   R6 R6 #-1
(30BE) 7780  0111011110000000 ( 338)                 STR   R3 R6 #0
(30BF) 96FF  1001011011111111 ( 341)                 NOT   R3 R3
(30C0) 16E1  0001011011100001 ( 342)                 ADD   R3 R3 #1
(30C1) 11C3  0001000111000011 ( 343)                 ADD   R0 R7 R3
(30C2) 6780  0110011110000000 ( 346)                 LDR   R3 R6 #0
(30C3) 1DA1  0001110110100001 ( 347)                 ADD   R6 R6 #1
(30C4) 1E20  0001111000100000 ( 350)                 ADD   R7 R0 #0
(30C5) 6180  0110000110000000 ( 353)                 LDR   R0 R6 #0
(30C6) 1DA1  0001110110100001 ( 354)                 ADD   R6 R6 #1
(30C7) 7F40  0111111101000000 ( 357)                 STR   R7 R5 #0
(30C8) 1F25  0001111100100101 ( 362)                 ADD   R7 R4 #5
(30C9) 6FC0  0110111111000000 ( 363)                 LDR   R7 R7 #0
(30CA) 1DBF  0001110110111111 ( 365)                 ADD   R6 R6 #-1
(30CB) 7F80  0111111110000000 ( 366)                 STR   R7 R6 #0
(30CC) 1DBF  0001110110111111 ( 367)                 ADD   R6 R6 #-1
(30CD) 7F80  0111111110000000 ( 368)                 STR   R7 R6 #0
(30CE) 1DBF  0001110110111111 ( 369)                 ADD   R6 R6 #-1
(30CF) 7F80  0111111110000000 ( 370)                 STR   R7 R6 #0
(30D0) 1DBF  0001110110111111 ( 371)                 ADD   R6 R6 #-1
(30D1) 7F80  0111111110000000 ( 372)                 STR   R7 R6 #0
(30D2) 1DBF  0001110110111111 ( 373)                 ADD   R6 R6 #-1
(30D3) 7F80  0111111110000000 ( 374)                 STR   R7 R6 #0
(30D4) 1DBF  0001110110111111 ( 375)                 ADD   R6 R6 #-1
(30D5) 7F80  0111111110000000 ( 376)                 STR   R7 R6 #0
(30D6) 6F40  0110111101000000 ( 379)                 LDR   R7 R5 #0
(30D7) 1DBF  0001110110111111 ( 382)                 ADD   R6 R6 #-1
(30D8) 7F80  0111111110000000 ( 383)                 STR   R7 R6 #0
(30D9) 1120  0001000100100000 ( 386)                 ADD   R0 R4 #0
(30DA) 6000  0110000000000000 ( 387)                 LDR   R0 R0 #0
(30DB) 4000  0100000000000000 ( 388)                 JSRR  R0
(30DC) 6F80  0110111110000000 ( 391)                 LDR   R7 R6 #0
(30DD) 1DA1  0001110110100001 ( 392)                 ADD   R6 R6 #1
(30DE) 7F43  0111111101000011 ( 397) lc3_L8_lab2     STR   R7 R5 #3
(30DF) 1D61  0001110101100001 ( 401)                 ADD   R6 R5 #1
(30E0) 6B80  0110101110000000 ( 404)                 LDR   R5 R6 #0
(30E1) 1DA1  0001110110100001 ( 405)                 ADD   R6 R6 #1
(30E2) 6F80  0110111110000000 ( 408)                 LDR   R7 R6 #0
(30E3) 1DA1  0001110110100001 ( 409)                 ADD   R6 R6 #1
(30E4) C1C0  1100000111000000 ( 411)                 RET   
(30E5) 7FBD  0111111110111101 ( 417) lc3_getchar     STR   R7 R6 #-3
(30E6) 71BE  0111000110111110 ( 418)                 STR   R0 R6 #-2
(30E7) F020  1111000000100000 ( 420)                 TRAP  x20
(30E8) F021  1111000000100001 ( 421)                 TRAP  x21
(30E9) 71BF  0111000110111111 ( 424)                 STR   R0 R6 #-1
(30EA) 61BE  0110000110111110 ( 427)                 LDR   R0 R6 #-2
(30EB) 6FBD  0110111110111101 ( 429)                 LDR   R7 R6 #-3
(30EC) 1DBF  0001110110111111 ( 432)                 ADD   R6 R6 #-1
(30ED) C1C0  1100000111000000 ( 434)                 RET   
(30EE) 300E  0011000000001110 ( 439) func            .FILL x300E
(30EF) 30A6  0011000010100110 ( 440) L3_lab2         .FILL x30A6
(30F0) 30A7  0011000010100111 ( 441) L1_lab2         .FILL x30A7
(30F1) 30DE  0011000011011110 ( 442) L8_lab2         .FILL x30DE
(30F2) 30E5  0011000011100101 ( 443) getchar         .FILL x30E5
(30F3) 0000  0000000000000000 ( 444) L9_lab2         .FILL x0000
(30F4) 0002  0000000000000010 ( 445) L6_lab2         .FILL x0002
(30F5) 0001  0000000000000001 ( 446) L5_lab2         .FILL x0001
(30F6) 0030  0000000000110000 ( 447) L2_lab2         .FILL x0030
